[2024-09-09 19:54:26,569 : INFO : main : Welcome to Custom Logging ]
[2024-09-12 23:00:28,787 : INFO : common : yaml file : config\config.yaml loaded successfully]
[2024-09-12 23:00:28,789 : INFO : common : yaml file : params.yaml loaded successfully]
[2024-09-12 23:00:28,791 : INFO : common : created directory at: artifacts]
[2024-09-12 23:00:28,792 : INFO : common : created directory at: artifacts/data_ingestion]
[2024-09-12 23:02:40,172 : INFO : common : yaml file : config\config.yaml loaded successfully]
[2024-09-12 23:02:40,176 : INFO : common : yaml file : params.yaml loaded successfully]
[2024-09-12 23:02:40,178 : INFO : common : created directory at: artifacts]
[2024-09-12 23:02:40,180 : INFO : common : created directory at: artifacts/data_ingestion]
[2024-09-12 23:02:42,981 : INFO : 2962891892 : artifacts/data_ingestion/data.zip is downloaded with following into 
Connection: close
Content-Length: 7903594
Cache-Control: max-age=300
Content-Security-Policy: default-src 'none'; style-src 'unsafe-inline'; sandbox
Content-Type: application/zip
ETag: "dbc016a060da18070593b83afff580c9b300f0b6ea4147a7988433e04df246ca"
Strict-Transport-Security: max-age=31536000
X-Content-Type-Options: nosniff
X-Frame-Options: deny
X-XSS-Protection: 1; mode=block
X-GitHub-Request-Id: D70F:11ECE8:AB88F:C83F1:66E325B8
Accept-Ranges: bytes
Date: Thu, 12 Sep 2024 17:32:41 GMT
Via: 1.1 varnish
X-Served-By: cache-hyd1100027-HYD
X-Cache: MISS
X-Cache-Hits: 0
X-Timer: S1726162361.230241,VS0,VE661
Vary: Authorization,Accept-Encoding,Origin
Access-Control-Allow-Origin: *
Cross-Origin-Resource-Policy: cross-origin
X-Fastly-Request-ID: 2e358833d31502db85074f428d5696db42af59e4
Expires: Thu, 12 Sep 2024 17:37:41 GMT
Source-Age: 0

]
[2024-09-18 15:51:56,215 : INFO : main : >>>>>>>>  Stage Data Ingestion Stage Started>>>>>>>>>>]
[2024-09-18 15:51:56,215 : INFO : common : yaml file : config\config.yaml loaded successfully]
[2024-09-18 15:51:56,226 : INFO : common : yaml file : params.yaml loaded successfully]
[2024-09-18 15:51:56,231 : INFO : common : created directory at: artifacts]
[2024-09-18 15:51:56,232 : INFO : common : created directory at: artifacts/data_ingestion]
[2024-09-18 15:51:56,237 : ERROR : main : name 'os' is not defined]
Traceback (most recent call last):
  File "main.py", line 9, in <module>
    data_ingestion.main()
  File "c:\users\sreehari\text_summarization\src\textSummarizer\pipeline\stage_01_data_ingestion.py", line 12, in main
    data_ingestion.download_file()
  File "c:\users\sreehari\text_summarization\src\textSummarizer\components\data_ingestion.py", line 13, in download_file
    if not os.path.exists(self.config.local_data_file):
NameError: name 'os' is not defined
[2024-09-18 15:54:00,377 : INFO : main : >>>>>>>>  Stage Data Ingestion Stage Started>>>>>>>>>>]
[2024-09-18 15:54:00,377 : INFO : common : yaml file : config\config.yaml loaded successfully]
[2024-09-18 15:54:00,377 : INFO : common : yaml file : params.yaml loaded successfully]
[2024-09-18 15:54:00,377 : INFO : common : created directory at: artifacts]
[2024-09-18 15:54:00,377 : INFO : common : created directory at: artifacts/data_ingestion]
[2024-09-18 15:54:00,377 : ERROR : main : name 'os' is not defined]
Traceback (most recent call last):
  File "main.py", line 10, in <module>
    data_ingestion.main()
  File "c:\users\sreehari\text_summarization\src\textSummarizer\pipeline\stage_01_data_ingestion.py", line 12, in main
    data_ingestion.download_file()
  File "c:\users\sreehari\text_summarization\src\textSummarizer\components\data_ingestion.py", line 13, in download_file
    if not os.path.exists(self.config.local_data_file):
NameError: name 'os' is not defined
[2024-09-18 15:55:42,934 : INFO : main : >>>>>>>>  Stage Data Ingestion Stage Started>>>>>>>>>>]
[2024-09-18 15:55:42,934 : INFO : common : yaml file : config\config.yaml loaded successfully]
[2024-09-18 15:55:42,934 : INFO : common : yaml file : params.yaml loaded successfully]
[2024-09-18 15:55:42,934 : INFO : common : created directory at: artifacts]
[2024-09-18 15:55:42,934 : INFO : common : created directory at: artifacts/data_ingestion]
[2024-09-18 15:55:42,934 : ERROR : main : name 'os' is not defined]
Traceback (most recent call last):
  File "main.py", line 10, in <module>
    data_ingestion.main()
  File "c:\users\sreehari\text_summarization\src\textSummarizer\pipeline\stage_01_data_ingestion.py", line 13, in main
    data_ingestion.download_file()
  File "c:\users\sreehari\text_summarization\src\textSummarizer\components\data_ingestion.py", line 13, in download_file
    if not os.path.exists(self.config.local_data_file):
NameError: name 'os' is not defined
[2024-09-18 16:02:16,858 : INFO : main : >>>>>>>>  Stage Data Ingestion Stage Started>>>>>>>>>>]
[2024-09-18 16:02:16,859 : INFO : common : yaml file : config\config.yaml loaded successfully]
[2024-09-18 16:02:16,859 : INFO : common : yaml file : params.yaml loaded successfully]
[2024-09-18 16:02:16,859 : INFO : common : created directory at: artifacts]
[2024-09-18 16:02:16,859 : INFO : common : created directory at: artifacts/data_ingestion]
[2024-09-18 16:02:20,512 : INFO : data_ingestion : artifacts/data_ingestion/data.zip is downloaded with following into 
Connection: close
Content-Length: 7903594
Cache-Control: max-age=300
Content-Security-Policy: default-src 'none'; style-src 'unsafe-inline'; sandbox
Content-Type: application/zip
ETag: "dbc016a060da18070593b83afff580c9b300f0b6ea4147a7988433e04df246ca"
Strict-Transport-Security: max-age=31536000
X-Content-Type-Options: nosniff
X-Frame-Options: deny
X-XSS-Protection: 1; mode=block
X-GitHub-Request-Id: 3BF0:17B21:42A9FD:537380:66EAAC32
Accept-Ranges: bytes
Date: Wed, 18 Sep 2024 10:32:19 GMT
Via: 1.1 varnish
X-Served-By: cache-hyd1100031-HYD
X-Cache: MISS
X-Cache-Hits: 0
X-Timer: S1726655539.996726,VS0,VE713
Vary: Authorization,Accept-Encoding,Origin
Access-Control-Allow-Origin: *
Cross-Origin-Resource-Policy: cross-origin
X-Fastly-Request-ID: 2cc711968303cff69835d691be03466d084cc5c8
Expires: Wed, 18 Sep 2024 10:37:19 GMT
Source-Age: 0

]
[2024-09-18 16:02:20,640 : INFO : main : >>>>>>>>  Stage Data Ingestion Stage Completed >>>>>>>>>>]
[2024-09-18 16:22:12,167 : INFO : main : >>>>>>>>  Stage Data Ingestion Stage Started>>>>>>>>>>]
[2024-09-18 16:22:12,167 : INFO : common : yaml file : config\config.yaml loaded successfully]
[2024-09-18 16:22:12,167 : INFO : common : yaml file : params.yaml loaded successfully]
[2024-09-18 16:22:12,167 : INFO : common : created directory at: artifacts]
[2024-09-18 16:22:12,167 : INFO : common : created directory at: artifacts/data_ingestion]
[2024-09-18 16:22:12,167 : INFO : data_ingestion : File already downloaded of size : ~ 7718 KB ]
[2024-09-18 16:22:12,324 : INFO : main : >>>>>>>>  Stage Data Ingestion Stage Completed >>>>>>>>>>]
[2024-09-24 21:10:54,755 : INFO : main : >>>>>>>>  Stage Data Ingestion Stage Started>>>>>>>>>>]
[2024-09-24 21:10:54,757 : INFO : common : yaml file : config\config.yaml loaded successfully]
[2024-09-24 21:10:54,758 : INFO : common : yaml file : params.yaml loaded successfully]
[2024-09-24 21:10:54,759 : INFO : common : created directory at: artifacts]
[2024-09-24 21:10:54,759 : INFO : common : created directory at: artifacts/data_ingestion]
[2024-09-24 21:10:54,761 : INFO : data_ingestion : File already downloaded of size : ~ 7718 KB ]
[2024-09-24 21:10:54,865 : INFO : main : >>>>>>>>  Stage Data Ingestion Stage Completed >>>>>>>>>>]
[2024-09-24 21:10:54,865 : INFO : main : >>>>>>>>  Stage Data Validation Stage Started>>>>>>>>>>]
[2024-09-24 21:10:54,865 : INFO : common : yaml file : config\config.yaml loaded successfully]
[2024-09-24 21:10:54,865 : INFO : common : yaml file : params.yaml loaded successfully]
[2024-09-24 21:10:54,865 : INFO : common : created directory at: artifacts]
[2024-09-24 21:10:54,865 : INFO : common : created directory at: artifacts/data_validation]
[2024-09-24 21:10:54,878 : INFO : main : >>>>>>>>  Stage Data Validation Stage Completed >>>>>>>>>>]
